#
# A fatal error has been detected by the Java Runtime Environment:
#
#  EXCEPTION_ACCESS_VIOLATION (0xc0000005) at pc=0x000002d58be6112d, pid=14608, tid=9252
#
# JRE version: OpenJDK Runtime Environment Corretto-11.0.20.9.1 (11.0.20.1+9) (build 11.0.20.1+9-LTS)
# Java VM: OpenJDK 64-Bit Server VM Corretto-11.0.20.9.1 (11.0.20.1+9-LTS, mixed mode, tiered, compressed oops, g1 gc, windows-amd64)
# Problematic frame:
# v  ~StubRoutines::get_previous_fp
#
# No core dump will be written. Minidumps are not enabled by default on client versions of Windows
#
# If you would like to submit a bug report, please visit:
#   https://github.com/corretto/corretto-11/issues/
#

---------------  S U M M A R Y ------------

Command Line: -javaagent:C:\\Users\\ִלטענטי\\.m2\\repository\\org\\jacoco\\org.jacoco.agent\\0.8.5\\org.jacoco.agent-0.8.5-runtime.jar=destfile=C:\\Users\\ִלטענטי\\IdeaProjects\\ZhukovDZ7\\target\\jacoco.exec C:\Users\AACE~1\AppData\Local\Temp\surefire12983695710637249473\surefirebooter1406959931045907147.jar C:\Users\ִלטענטי\AppData\Local\Temp\surefire12983695710637249473 2023-09-06T20-35-46_347-jvmRun1 surefire8405536804290503236tmp surefire_010333261053050474318tmp

Host: AMD Ryzen 5 3500U with Radeon Vega Mobile Gfx  , 8 cores, 5G,  Windows 10 , 64 bit Build 19041 (10.0.19041.3155)
Time: Wed Sep  6 20:35:47 2023 RTZ 2 (s 10 , 64 bit Build 19041 (10.0.19041.3155) elapsed time: 0.317881 seconds (0d 0h 0m 0s)

---------------  T H R E A D  ---------------

Current thread (0x000002d5836df000):  JavaThread "main" [_thread_in_vm, id=9252, stack(0x000000ee50300000,0x000000ee50400000)]

Stack: [0x000000ee50300000,0x000000ee50400000],  sp=0x000000ee503ff5e0,  free space=1021k
Native frames: (J=compiled Java code, j=interpreted, Vv=VM code, C=native code)
C  0x000002d58be6112d


siginfo: EXCEPTION_ACCESS_VIOLATION (0xc0000005), reading address 0x00000000000003d8


Register to memory mapping:

RIP=0x000002d58be6112d is at begin+8 in a stub
StubRoutines::get_previous_fp [0x000002d58be61125, 0x000002d58be61132[ (13 bytes)
RAX=0x00000000000003d8 is an unknown value
RBX=0x000000ee503ff680 is pointing into the stack for thread: 0x000002d5836df000
RCX=0x000000ee503ff680 is pointing into the stack for thread: 0x000002d5836df000
RDX=0x0 is NULL
RSP=0x000000ee503ff5e0 is pointing into the stack for thread: 0x000002d5836df000
RBP=0x000000ee503ff5e0 is pointing into the stack for thread: 0x000002d5836df000
RSI=0x0 is NULL
RDI=0x000002d5836df000 is a thread
R8 =0x000000ee503ff558 is pointing into the stack for thread: 0x000002d5836df000
R9 =0x0000000000000001 is an unknown value
R10=0x0 is NULL
R11=0x000000ee503ff610 is pointing into the stack for thread: 0x000002d5836df000
R12=0x000002d5836dff28 points into unknown readable memory: 0x08022a9ee4994556 | 56 45 99 e4 9e 2a 02 08
R13=0x0000000000000008 is an unknown value
R14=0x000002d5a2048b60 points into unknown readable memory: 0x000002d5a1433740 | 40 37 43 a1 d5 02 00 00
R15=0x000002d5836dfb50 points into unknown readable memory: 0x0072006f006d0020 | 20 00 6d 00 6f 00 72 00


Registers:
RAX=0x00000000000003d8, RBX=0x000000ee503ff680, RCX=0x000000ee503ff680, RDX=0x0000000000000000
RSP=0x000000ee503ff5e0, RBP=0x000000ee503ff5e0, RSI=0x0000000000000000, RDI=0x000002d5836df000
R8 =0x000000ee503ff558, R9 =0x0000000000000001, R10=0x0000000000000000, R11=0x000000ee503ff610
R12=0x000002d5836dff28, R13=0x0000000000000008, R14=0x000002d5a2048b60, R15=0x000002d5836dfb50
RIP=0x000002d58be6112d, EFLAGS=0x0000000000010202

Top of Stack: (sp=0x000000ee503ff5e0)
0x000000ee503ff5e0:   00000000000003d8 00007ffbfa7d3d36
0x000000ee503ff5f0:   00000000000000af 000000ee503ff6e0
0x000000ee503ff600:   00007ffc415182c0 00007ffc482db3e4
0x000000ee503ff610:   0000000000007fd8 00007ffbfa272c0c
0x000000ee503ff620:   000002d5836df000 000002d58151c110
0x000000ee503ff630:   00000000000007d0 000002d5836dfb40
0x000000ee503ff640:   000002d5836df000 00007ffbfa922e51
0x000000ee503ff650:   000002d58151c110 000002d5836dfb40
0x000000ee503ff660:   000002d5836dfb40 000002d5a13a1458
0x000000ee503ff670:   000002d5815fafd8 00007ffc4151148c
0x000000ee503ff680:   0000000000000000 0000000000000004
0x000000ee503ff690:   00007ffc415182c0 000000ee503ff6e0
0x000000ee503ff6a0:   00007ffc483af540 000002d58151fbf0
0x000000ee503ff6b0:   0000a33c8000a8ff 00007ffc41517ad0
0x000000ee503ff6c0:   000002d5836df000 00007ffbfa7d6360
0x000000ee503ff6d0:   000002d5836df348 00007ffc415182c0 

Instructions: (pc=0x000002d58be6112d)
0x000002d58be6102d:   84 83 00 00 00 83 fa 07 0f 84 80 00 00 00 89 01
0x000002d58be6103d:   48 8d a5 28 fe ff ff c5 fa 6f 75 b8 c5 fa 6f 7d
0x000002d58be6104d:   a8 c5 7a 6f 45 98 c5 7a 6f 4d 88 c5 7a 6f 95 78
0x000002d58be6105d:   ff ff ff c5 7a 6f 9d 68 ff ff ff c5 7a 6f a5 58
0x000002d58be6106d:   ff ff ff c5 7a 6f ad 48 ff ff ff c5 7a 6f b5 38
0x000002d58be6107d:   ff ff ff c5 7a 6f bd 28 ff ff ff 4c 8b 7d c8 4c
0x000002d58be6108d:   8b 75 d0 4c 8b 6d d8 4c 8b 65 e0 48 8b 5d f8 48
0x000002d58be6109d:   8b 7d e8 48 8b 75 f0 48 81 c4 d8 01 00 00 c5 f8
0x000002d58be610ad:   77 5d c3 48 89 01 eb 88 c5 fa 11 01 eb 82 c5 fb
0x000002d58be610bd:   11 01 e9 79 ff ff ff 49 89 47 08 49 ba b0 e4 ac
0x000002d58be610cd:   fa fb 7f 00 00 4d 89 57 10 41 c7 47 18 da 01 00
0x000002d58be610dd:   00 e9 2d ff ff ff 8b c1 87 02 c3 48 8b c1 48 87
0x000002d58be610ed:   02 c3 41 8b c0 f0 0f b1 0a c3 49 0f be c0 f0 0f
0x000002d58be610fd:   b0 0a c3 49 8b c0 f0 48 0f b1 0a c3 8b c1 f0 0f
0x000002d58be6110d:   c1 0a 03 c1 c3 48 8b c1 f0 48 0f c1 0a 48 03 c1
0x000002d58be6111d:   c3 f0 83 44 24 c0 00 c3 55 48 8b ec 48 8b 45 00
0x000002d58be6112d:   48 8b 00 5d c3 48 8b c4 48 83 c0 08 c3 c3 0f 1f
0x000002d58be6113d:   44 00 00 55 48 8b ec 49 b9 b0 61 c1 fa fb 7f 00
0x000002d58be6114d:   00 f7 d1 41 83 f8 10 0f 8c 38 02 00 00 44 8b da
0x000002d58be6115d:   41 83 e3 0f 74 23 41 83 eb 10 45 03 c3 66 90 0f
0x000002d58be6116d:   be 02 33 c1 81 e0 ff 00 00 00 c1 e9 08 41 33 0c
0x000002d58be6117d:   81 48 ff c2 41 ff c3 7c e6 45 8b d8 41 c1 e8 04
0x000002d58be6118d:   0f 84 fc 01 00 00 c5 f9 6f 0a c5 f9 7e c8 33 c8
0x000002d58be6119d:   c4 e3 71 22 c9 00 48 83 c2 10 41 83 e8 04 0f 8c
0x000002d58be611ad:   d7 00 00 00 c5 f9 6f 12 c5 f9 6f 5a 10 c5 f9 6f
0x000002d58be611bd:   62 20 48 83 c2 30 41 83 e8 03 0f 8e 70 00 00 00
0x000002d58be611cd:   49 ba a0 61 c1 fa fb 7f 00 00 c4 c1 7a 6f 02 0f
0x000002d58be611dd:   1f 40 00 c4 e3 79 44 e9 11 c4 e3 79 44 c9 00 c5
0x000002d58be611ed:   f1 ef 0a c5 f1 ef cd c4 e3 79 44 ea 11 c4 e3 79
0x000002d58be611fd:   44 d2 00 c5 e9 ef 52 10 c5 e9 ef d5 c4 e3 79 44
0x000002d58be6120d:   eb 11 c4 e3 79 44 db 00 c5 e1 ef 5a 20 c5 e1 ef
0x000002d58be6121d:   dd c4 e3 79 44 ec 11 c4 e3 79 44 e4 00 c5 d9 ef 


Stack slot to memory mapping:
stack at sp + 0 slots: 0x00000000000003d8 is an unknown value
stack at sp + 1 slots: 0x00007ffbfa7d3d36 jvm.dll
stack at sp + 2 slots: 0x00000000000000af is an unknown value
stack at sp + 3 slots: 0x000000ee503ff6e0 is pointing into the stack for thread: 0x000002d5836df000
stack at sp + 4 slots: 0x00007ffc415182c0 instrument.dll
stack at sp + 5 slots: 0x00007ffc482db3e4 ucrtbase.dll
stack at sp + 6 slots: 0x0000000000007fd8 is an unknown value
stack at sp + 7 slots: 0x00007ffbfa272c0c jvm.dll

StubRoutines::get_previous_fp [0x000002d58be61125, 0x000002d58be61132[ (13 bytes)
---------------  P R O C E S S  ---------------

Threads class SMR info:
_java_thread_list=0x000002d5a140b580, length=10, elements={
0x000002d5836df000, 0x000002d5a13f7000, 0x000002d5a1400800, 0x000002d5a1401800,
0x000002d5a1402800, 0x000002d5a1403800, 0x000002d5a1417800, 0x000002d5a1418000,
0x000002d5a142a000, 0x000002d5a1385800
}

Java Threads: ( => current thread )
=>0x000002d5836df000 JavaThread "main" [_thread_in_vm, id=9252, stack(0x000000ee50300000,0x000000ee50400000)]
  0x000002d5a13f7000 JavaThread "Reference Handler" daemon [_thread_blocked, id=16580, stack(0x000000ee50a00000,0x000000ee50b00000)]
  0x000002d5a1400800 JavaThread "Finalizer" daemon [_thread_blocked, id=9628, stack(0x000000ee50b00000,0x000000ee50c00000)]
  0x000002d5a1401800 JavaThread "Signal Dispatcher" daemon [_thread_blocked, id=3404, stack(0x000000ee50c00000,0x000000ee50d00000)]
  0x000002d5a1402800 JavaThread "Attach Listener" daemon [_thread_blocked, id=13624, stack(0x000000ee50d00000,0x000000ee50e00000)]
  0x000002d5a1403800 JavaThread "Service Thread" daemon [_thread_blocked, id=16948, stack(0x000000ee50e00000,0x000000ee50f00000)]
  0x000002d5a1417800 JavaThread "C2 CompilerThread0" daemon [_thread_blocked, id=3168, stack(0x000000ee50f00000,0x000000ee51000000)]
  0x000002d5a1418000 JavaThread "C1 CompilerThread0" daemon [_thread_blocked, id=3860, stack(0x000000ee51000000,0x000000ee51100000)]
  0x000002d5a142a000 JavaThread "Sweeper thread" daemon [_thread_blocked, id=19212, stack(0x000000ee51100000,0x000000ee51200000)]
  0x000002d5a1385800 JavaThread "Common-Cleaner" daemon [_thread_blocked, id=12948, stack(0x000000ee51200000,0x000000ee51300000)]

Other Threads:
  0x000002d5a13e0000 VMThread "VM Thread" [stack: 0x000000ee50900000,0x000000ee50a00000] [id=4420]
  0x000002d5836f8000 GCTaskThread "GC Thread#0" [stack: 0x000000ee50400000,0x000000ee50500000] [id=16820]
  0x000002d58371e800 ConcurrentGCThread "G1 Main Marker" [stack: 0x000000ee50500000,0x000000ee50600000] [id=16680]
  0x000002d583721000 ConcurrentGCThread "G1 Conc#0" [stack: 0x000000ee50600000,0x000000ee50700000] [id=17352]
  0x000002d5837a8800 ConcurrentGCThread "G1 Refine#0" [stack: 0x000000ee50700000,0x000000ee50800000] [id=9772]
  0x000002d5837a9800 ConcurrentGCThread "G1 Young RemSet Sampling" [stack: 0x000000ee50800000,0x000000ee50900000] [id=17004]

Threads with active compile tasks:

VM state:not at safepoint (normal execution)

VM Mutex/Monitor currently owned by a thread: None

Heap address: 0x00000000a1e00000, size: 1506 MB, Compressed Oops mode: 32-bit
Narrow klass base: 0x0000000000000000, Narrow klass shift: 3
Compressed class space size: 1073741824 Address: 0x0000000100000000

Heap:
 garbage-first heap   total 98304K, used 2048K [0x00000000a1e00000, 0x0000000100000000)
  region size 1024K, 3 young (3072K), 0 survivors (0K)
 Metaspace       used 6702K, capacity 6850K, committed 7168K, reserved 1056768K
  class space    used 582K, capacity 643K, committed 768K, reserved 1048576K
Heap Regions: E=young(eden), S=young(survivor), O=old, HS=humongous(starts), HC=humongous(continues), CS=collection set, F=free, A=archive, TAMS=top-at-mark-start (previous, next)
|   0|0x00000000a1e00000, 0x00000000a1e00000, 0x00000000a1f00000|  0%| F|  |TAMS 0x00000000a1e00000, 0x00000000a1e00000| Untracked 
|   1|0x00000000a1f00000, 0x00000000a1f00000, 0x00000000a2000000|  0%| F|  |TAMS 0x00000000a1f00000, 0x00000000a1f00000| Untracked 
|   2|0x00000000a2000000, 0x00000000a2000000, 0x00000000a2100000|  0%| F|  |TAMS 0x00000000a2000000, 0x00000000a2000000| Untracked 
|   3|0x00000000a2100000, 0x00000000a2100000, 0x00000000a2200000|  0%| F|  |TAMS 0x00000000a2100000, 0x00000000a2100000| Untracked 
|   4|0x00000000a2200000, 0x00000000a2200000, 0x00000000a2300000|  0%| F|  |TAMS 0x00000000a2200000, 0x00000000a2200000| Untracked 
|   5|0x00000000a2300000, 0x00000000a2300000, 0x00000000a2400000|  0%| F|  |TAMS 0x00000000a2300000, 0x00000000a2300000| Untracked 
|   6|0x00000000a2400000, 0x00000000a2400000, 0x00000000a2500000|  0%| F|  |TAMS 0x00000000a2400000, 0x00000000a2400000| Untracked 
|   7|0x00000000a2500000, 0x00000000a2500000, 0x00000000a2600000|  0%| F|  |TAMS 0x00000000a2500000, 0x00000000a2500000| Untracked 
|   8|0x00000000a2600000, 0x00000000a2600000, 0x00000000a2700000|  0%| F|  |TAMS 0x00000000a2600000, 0x00000000a2600000| Untracked 
|   9|0x00000000a2700000, 0x00000000a2700000, 0x00000000a2800000|  0%| F|  |TAMS 0x00000000a2700000, 0x00000000a2700000| Untracked 
|  10|0x00000000a2800000, 0x00000000a2800000, 0x00000000a2900000|  0%| F|  |TAMS 0x00000000a2800000, 0x00000000a2800000| Untracked 
|  11|0x00000000a2900000, 0x00000000a2900000, 0x00000000a2a00000|  0%| F|  |TAMS 0x00000000a2900000, 0x00000000a2900000| Untracked 
|  12|0x00000000a2a00000, 0x00000000a2a00000, 0x00000000a2b00000|  0%| F|  |TAMS 0x00000000a2a00000, 0x00000000a2a00000| Untracked 
|  13|0x00000000a2b00000, 0x00000000a2b00000, 0x00000000a2c00000|  0%| F|  |TAMS 0x00000000a2b00000, 0x00000000a2b00000| Untracked 
|  14|0x00000000a2c00000, 0x00000000a2c00000, 0x00000000a2d00000|  0%| F|  |TAMS 0x00000000a2c00000, 0x00000000a2c00000| Untracked 
|  15|0x00000000a2d00000, 0x00000000a2d00000, 0x00000000a2e00000|  0%| F|  |TAMS 0x00000000a2d00000, 0x00000000a2d00000| Untracked 
|  16|0x00000000a2e00000, 0x00000000a2e00000, 0x00000000a2f00000|  0%| F|  |TAMS 0x00000000a2e00000, 0x00000000a2e00000| Untracked 
|  17|0x00000000a2f00000, 0x00000000a2f00000, 0x00000000a3000000|  0%| F|  |TAMS 0x00000000a2f00000, 0x00000000a2f00000| Untracked 
|  18|0x00000000a3000000, 0x00000000a3000000, 0x00000000a3100000|  0%| F|  |TAMS 0x00000000a3000000, 0x00000000a3000000| Untracked 
|  19|0x00000000a3100000, 0x00000000a3100000, 0x00000000a3200000|  0%| F|  |TAMS 0x00000000a3100000, 0x00000000a3100000| Untracked 
|  20|0x00000000a3200000, 0x00000000a3200000, 0x00000000a3300000|  0%| F|  |TAMS 0x00000000a3200000, 0x00000000a3200000| Untracked 
|  21|0x00000000a3300000, 0x00000000a3300000, 0x00000000a3400000|  0%| F|  |TAMS 0x00000000a3300000, 0x00000000a3300000| Untracked 
|  22|0x00000000a3400000, 0x00000000a3400000, 0x00000000a3500000|  0%| F|  |TAMS 0x00000000a3400000, 0x00000000a3400000| Untracked 
|  23|0x00000000a3500000, 0x00000000a3500000, 0x00000000a3600000|  0%| F|  |TAMS 0x00000000a3500000, 0x00000000a3500000| Untracked 
|  24|0x00000000a3600000, 0x00000000a3600000, 0x00000000a3700000|  0%| F|  |TAMS 0x00000000a3600000, 0x00000000a3600000| Untracked 
|  25|0x00000000a3700000, 0x00000000a3700000, 0x00000000a3800000|  0%| F|  |TAMS 0x00000000a3700000, 0x00000000a3700000| Untracked 
|  26|0x00000000a3800000, 0x00000000a3800000, 0x00000000a3900000|  0%| F|  |TAMS 0x00000000a3800000, 0x00000000a3800000| Untracked 
|  27|0x00000000a3900000, 0x00000000a3900000, 0x00000000a3a00000|  0%| F|  |TAMS 0x00000000a3900000, 0x00000000a3900000| Untracked 
|  28|0x00000000a3a00000, 0x00000000a3a00000, 0x00000000a3b00000|  0%| F|  |TAMS 0x00000000a3a00000, 0x00000000a3a00000| Untracked 
|  29|0x00000000a3b00000, 0x00000000a3b00000, 0x00000000a3c00000|  0%| F|  |TAMS 0x00000000a3b00000, 0x00000000a3b00000| Untracked 
|  30|0x00000000a3c00000, 0x00000000a3c00000, 0x00000000a3d00000|  0%| F|  |TAMS 0x00000000a3c00000, 0x00000000a3c00000| Untracked 
|  31|0x00000000a3d00000, 0x00000000a3d00000, 0x00000000a3e00000|  0%| F|  |TAMS 0x00000000a3d00000, 0x00000000a3d00000| Untracked 
|  32|0x00000000a3e00000, 0x00000000a3e00000, 0x00000000a3f00000|  0%| F|  |TAMS 0x00000000a3e00000, 0x00000000a3e00000| Untracked 
|  33|0x00000000a3f00000, 0x00000000a3f00000, 0x00000000a4000000|  0%| F|  |TAMS 0x00000000a3f00000, 0x00000000a3f00000| Untracked 
|  34|0x00000000a4000000, 0x00000000a4000000, 0x00000000a4100000|  0%| F|  |TAMS 0x00000000a4000000, 0x00000000a4000000| Untracked 
|  35|0x00000000a4100000, 0x00000000a4100000, 0x00000000a4200000|  0%| F|  |TAMS 0x00000000a4100000, 0x00000000a4100000| Untracked 
|  36|0x00000000a4200000, 0x00000000a4200000, 0x00000000a4300000|  0%| F|  |TAMS 0x00000000a4200000, 0x00000000a4200000| Untracked 
|  37|0x00000000a4300000, 0x00000000a4300000, 0x00000000a4400000|  0%| F|  |TAMS 0x00000000a4300000, 0x00000000a4300000| Untracked 
|  38|0x00000000a4400000, 0x00000000a4400000, 0x00000000a4500000|  0%| F|  |TAMS 0x00000000a4400000, 0x00000000a4400000| Untracked 
|  39|0x00000000a4500000, 0x00000000a4500000, 0x00000000a4600000|  0%| F|  |TAMS 0x00000000a4500000, 0x00000000a4500000| Untracked 
|  40|0x00000000a4600000, 0x00000000a4600000, 0x00000000a4700000|  0%| F|  |TAMS 0x00000000a4600000, 0x00000000a4600000| Untracked 
|  41|0x00000000a4700000, 0x00000000a4700000, 0x00000000a4800000|  0%| F|  |TAMS 0x00000000a4700000, 0x00000000a4700000| Untracked 
|  42|0x00000000a4800000, 0x00000000a4800000, 0x00000000a4900000|  0%| F|  |TAMS 0x00000000a4800000, 0x00000000a4800000| Untracked 
|  43|0x00000000a4900000, 0x00000000a4900000, 0x00000000a4a00000|  0%| F|  |TAMS 0x00000000a4900000, 0x00000000a4900000| Untracked 
|  44|0x00000000a4a00000, 0x00000000a4a00000, 0x00000000a4b00000|  0%| F|  |TAMS 0x00000000a4a00000, 0x00000000a4a00000| Untracked 
|  45|0x00000000a4b00000, 0x00000000a4b00000, 0x00000000a4c00000|  0%| F|  |TAMS 0x00000000a4b00000, 0x00000000a4b00000| Untracked 
|  46|0x00000000a4c00000, 0x00000000a4c00000, 0x00000000a4d00000|  0%| F|  |TAMS 0x00000000a4c00000, 0x00000000a4c00000| Untracked 
|  47|0x00000000a4d00000, 0x00000000a4d00000, 0x00000000a4e00000|  0%| F|  |TAMS 0x00000000a4d00000, 0x00000000a4d00000| Untracked 
|  48|0x00000000a4e00000, 0x00000000a4e00000, 0x00000000a4f00000|  0%| F|  |TAMS 0x00000000a4e00000, 0x00000000a4e00000| Untracked 
|  49|0x00000000a4f00000, 0x00000000a4f00000, 0x00000000a5000000|  0%| F|  |TAMS 0x00000000a4f00000, 0x00000000a4f00000| Untracked 
|  50|0x00000000a5000000, 0x00000000a5000000, 0x00000000a5100000|  0%| F|  |TAMS 0x00000000a5000000, 0x00000000a5000000| Untracked 
|  51|0x00000000a5100000, 0x00000000a5100000, 0x00000000a5200000|  0%| F|  |TAMS 0x00000000a5100000, 0x00000000a5100000| Untracked 
|  52|0x00000000a5200000, 0x00000000a5200000, 0x00000000a5300000|  0%| F|  |TAMS 0x00000000a5200000, 0x00000000a5200000| Untracked 
|  53|0x00000000a5300000, 0x00000000a5300000, 0x00000000a5400000|  0%| F|  |TAMS 0x00000000a5300000, 0x00000000a5300000| Untracked 
|  54|0x00000000a5400000, 0x00000000a5400000, 0x00000000a5500000|  0%| F|  |TAMS 0x00000000a5400000, 0x00000000a5400000| Untracked 
|  55|0x00000000a5500000, 0x00000000a5500000, 0x00000000a5600000|  0%| F|  |TAMS 0x00000000a5500000, 0x00000000a5500000| Untracked 
|  56|0x00000000a5600000, 0x00000000a5600000, 0x00000000a5700000|  0%| F|  |TAMS 0x00000000a5600000, 0x00000000a5600000| Untracked 
|  57|0x00000000a5700000, 0x00000000a5700000, 0x00000000a5800000|  0%| F|  |TAMS 0x00000000a5700000, 0x00000000a5700000| Untracked 
|  58|0x00000000a5800000, 0x00000000a5800000, 0x00000000a5900000|  0%| F|  |TAMS 0x00000000a5800000, 0x00000000a5800000| Untracked 
|  59|0x00000000a5900000, 0x00000000a5900000, 0x00000000a5a00000|  0%| F|  |TAMS 0x00000000a5900000, 0x00000000a5900000| Untracked 
|  60|0x00000000a5a00000, 0x00000000a5a00000, 0x00000000a5b00000|  0%| F|  |TAMS 0x00000000a5a00000, 0x00000000a5a00000| Untracked 
|  61|0x00000000a5b00000, 0x00000000a5b00000, 0x00000000a5c00000|  0%| F|  |TAMS 0x00000000a5b00000, 0x00000000a5b00000| Untracked 
|  62|0x00000000a5c00000, 0x00000000a5c00000, 0x00000000a5d00000|  0%| F|  |TAMS 0x00000000a5c00000, 0x00000000a5c00000| Untracked 
|  63|0x00000000a5d00000, 0x00000000a5d00000, 0x00000000a5e00000|  0%| F|  |TAMS 0x00000000a5d00000, 0x00000000a5d00000| Untracked 
|  64|0x00000000a5e00000, 0x00000000a5e00000, 0x00000000a5f00000|  0%| F|  |TAMS 0x00000000a5e00000, 0x00000000a5e00000| Untracked 
|  65|0x00000000a5f00000, 0x00000000a5f00000, 0x00000000a6000000|  0%| F|  |TAMS 0x00000000a5f00000, 0x00000000a5f00000| Untracked 
|  66|0x00000000a6000000, 0x00000000a6000000, 0x00000000a6100000|  0%| F|  |TAMS 0x00000000a6000000, 0x00000000a6000000| Untracked 
|  67|0x00000000a6100000, 0x00000000a6100000, 0x00000000a6200000|  0%| F|  |TAMS 0x00000000a6100000, 0x00000000a6100000| Untracked 
|  68|0x00000000a6200000, 0x00000000a6200000, 0x00000000a6300000|  0%| F|  |TAMS 0x00000000a6200000, 0x00000000a6200000| Untracked 
|  69|0x00000000a6300000, 0x00000000a6300000, 0x00000000a6400000|  0%| F|  |TAMS 0x00000000a6300000, 0x00000000a6300000| Untracked 
|  70|0x00000000a6400000, 0x00000000a6400000, 0x00000000a6500000|  0%| F|  |TAMS 0x00000000a6400000, 0x00000000a6400000| Untracked 
|  71|0x00000000a6500000, 0x00000000a6500000, 0x00000000a6600000|  0%| F|  |TAMS 0x00000000a6500000, 0x00000000a6500000| Untracked 
|  72|0x00000000a6600000, 0x00000000a6600000, 0x00000000a6700000|  0%| F|  |TAMS 0x00000000a6600000, 0x00000000a6600000| Untracked 
|  73|0x00000000a6700000, 0x00000000a6700000, 0x00000000a6800000|  0%| F|  |TAMS 0x00000000a6700000, 0x00000000a6700000| Untracked 
|  74|0x00000000a6800000, 0x00000000a6800000, 0x00000000a6900000|  0%| F|  |TAMS 0x00000000a6800000, 0x00000000a6800000| Untracked 
|  75|0x00000000a6900000, 0x00000000a6900000, 0x00000000a6a00000|  0%| F|  |TAMS 0x00000000a6900000, 0x00000000a6900000| Untracked 
|  76|0x00000000a6a00000, 0x00000000a6a00000, 0x00000000a6b00000|  0%| F|  |TAMS 0x00000000a6a00000, 0x00000000a6a00000| Untracked 
|  77|0x00000000a6b00000, 0x00000000a6b00000, 0x00000000a6c00000|  0%| F|  |TAMS 0x00000000a6b00000, 0x00000000a6b00000| Untracked 
|  78|0x00000000a6c00000, 0x00000000a6c00000, 0x00000000a6d00000|  0%| F|  |TAMS 0x00000000a6c00000, 0x00000000a6c00000| Untracked 
|  79|0x00000000a6d00000, 0x00000000a6d00000, 0x00000000a6e00000|  0%| F|  |TAMS 0x00000000a6d00000, 0x00000000a6d00000| Untracked 
|  80|0x00000000a6e00000, 0x00000000a6e00000, 0x00000000a6f00000|  0%| F|  |TAMS 0x00000000a6e00000, 0x00000000a6e00000| Untracked 
|  81|0x00000000a6f00000, 0x00000000a6f00000, 0x00000000a7000000|  0%| F|  |TAMS 0x00000000a6f00000, 0x00000000a6f00000| Untracked 
|  82|0x00000000a7000000, 0x00000000a7000000, 0x00000000a7100000|  0%| F|  |TAMS 0x00000000a7000000, 0x00000000a7000000| Untracked 
|  83|0x00000000a7100000, 0x00000000a7100000, 0x00000000a7200000|  0%| F|  |TAMS 0x00000000a7100000, 0x00000000a7100000| Untracked 
|  84|0x00000000a7200000, 0x00000000a7200000, 0x00000000a7300000|  0%| F|  |TAMS 0x00000000a7200000, 0x00000000a7200000| Untracked 
|  85|0x00000000a7300000, 0x00000000a7300000, 0x00000000a7400000|  0%| F|  |TAMS 0x00000000a7300000, 0x00000000a7300000| Untracked 
|  86|0x00000000a7400000, 0x00000000a7400000, 0x00000000a7500000|  0%| F|  |TAMS 0x00000000a7400000, 0x00000000a7400000| Untracked 
|  87|0x00000000a7500000, 0x00000000a7500000, 0x00000000a7600000|  0%| F|  |TAMS 0x00000000a7500000, 0x00000000a7500000| Untracked 
|  88|0x00000000a7600000, 0x00000000a7600000, 0x00000000a7700000|  0%| F|  |TAMS 0x00000000a7600000, 0x00000000a7600000| Untracked 
|  89|0x00000000a7700000, 0x00000000a7700000, 0x00000000a7800000|  0%| F|  |TAMS 0x00000000a7700000, 0x00000000a7700000| Untracked 
|  90|0x00000000a7800000, 0x00000000a7800000, 0x00000000a7900000|  0%| F|  |TAMS 0x00000000a7800000, 0x00000000a7800000| Untracked 
|  91|0x00000000a7900000, 0x00000000a7900000, 0x00000000a7a00000|  0%| F|  |TAMS 0x00000000a7900000, 0x00000000a7900000| Untracked 
|  92|0x00000000a7a00000, 0x00000000a7a00000, 0x00000000a7b00000|  0%| F|  |TAMS 0x00000000a7a00000, 0x00000000a7a00000| Untracked 
|  93|0x00000000a7b00000, 0x00000000a7bf6510, 0x00000000a7c00000| 96%| E|  |TAMS 0x00000000a7b00000, 0x00000000a7b00000| Complete 
|  94|0x00000000a7c00000, 0x00000000a7d00000, 0x00000000a7d00000|100%| E|CS|TAMS 0x00000000a7c00000, 0x00000000a7c00000| Complete 
|  95|0x00000000a7d00000, 0x00000000a7e00000, 0x00000000a7e00000|100%| E|CS|TAMS 0x00000000a7d00000, 0x00000000a7d00000| Complete 

Card table byte_map: [0x000002d59b490000,0x000002d59b790000] _byte_map_base: 0x000002d59af81000

Marking Bits (Prev, Next): (CMBitMap*) 0x000002d583717c38, (CMBitMap*) 0x000002d583717c70
 Prev Bits: [0x000002d59ba90000, 0x000002d59d218000)
 Next Bits: [0x000002d59d220000, 0x000002d59e9a8000)

Polling page: 0x000002d581650000

Metaspace:

Usage:
  Non-class:      6.06 MB capacity,     5.98 MB ( 99%) used,    82.39 KB (  1%) free+waste,     4.50 KB ( <1%) overhead. 
      Class:    643.00 KB capacity,   582.12 KB ( 91%) used,    58.70 KB (  9%) free+waste,     2.19 KB ( <1%) overhead. 
       Both:      6.69 MB capacity,     6.55 MB ( 98%) used,   141.09 KB (  2%) free+waste,     6.69 KB ( <1%) overhead. 

Virtual space:
  Non-class space:        8.00 MB reserved,       6.25 MB ( 78%) committed 
      Class space:        1.00 GB reserved,     768.00 KB ( <1%) committed 
             Both:        1.01 GB reserved,       7.00 MB ( <1%) committed 

Chunk freelists:
   Non-Class:  1.00 KB
       Class:  29.00 KB
        Both:  30.00 KB

MaxMetaspaceSize: 17179869184.00 GB
CompressedClassSpaceSize: 1.00 GB
Initial GC threshold: 20.80 MB
Current GC threshold: 20.80 MB
CDS: off

CodeHeap 'non-profiled nmethods': size=120000Kb used=102Kb max_used=102Kb free=119897Kb
 bounds [0x000002d593930000, 0x000002d593ba0000, 0x000002d59ae60000]
CodeHeap 'profiled nmethods': size=120000Kb used=380Kb max_used=380Kb free=119619Kb
 bounds [0x000002d58c400000, 0x000002d58c670000, 0x000002d593930000]
CodeHeap 'non-nmethods': size=5760Kb used=1098Kb max_used=1110Kb free=4661Kb
 bounds [0x000002d58be60000, 0x000002d58c0d0000, 0x000002d58c400000]
 total_blobs=674 nmethods=331 adapters=256
 compilation: enabled
              stopped_count=0, restarted_count=0
 full_count=0

Compilation events (20 events):
Event: 0.307 Thread 0x000002d5a1417800 nmethod 321 0x000002d593948b10 code [0x000002d593948ca0, 0x000002d593948d38]
Event: 0.307 Thread 0x000002d5a1417800  324       4       java.lang.String::length (11 bytes)
Event: 0.307 Thread 0x000002d5a1417800 nmethod 324 0x000002d593948e10 code [0x000002d593948fa0, 0x000002d593949018]
Event: 0.307 Thread 0x000002d5a1417800  322       4       java.util.zip.ZipFile$Source::getEntryNext (9 bytes)
Event: 0.308 Thread 0x000002d5a1418000 nmethod 323 0x000002d58c45c210 code [0x000002d58c45c4a0, 0x000002d58c45d208]
Event: 0.308 Thread 0x000002d5a1417800 nmethod 322 0x000002d593949110 code [0x000002d5939492a0, 0x000002d593949338]
Event: 0.310 Thread 0x000002d5a1418000  325       3       sun.nio.cs.SingleByte$Encoder::encode (32 bytes)
Event: 0.310 Thread 0x000002d5a1418000 nmethod 325 0x000002d58c45d890 code [0x000002d58c45da40, 0x000002d58c45dbf8]
Event: 0.310 Thread 0x000002d5a1418000  326       1       java.nio.Buffer::position (5 bytes)
Event: 0.310 Thread 0x000002d5a1418000 nmethod 326 0x000002d593949410 code [0x000002d5939495c0, 0x000002d593949678]
Event: 0.310 Thread 0x000002d5a1418000  327       3       java.util.Collections$UnmodifiableCollection$1::next (10 bytes)
Event: 0.310 Thread 0x000002d5a1418000 nmethod 327 0x000002d58c45dd10 code [0x000002d58c45dec0, 0x000002d58c45e088]
Event: 0.310 Thread 0x000002d5a1418000  328       1       java.nio.Buffer::limit (5 bytes)
Event: 0.311 Thread 0x000002d5a1418000 nmethod 328 0x000002d593949710 code [0x000002d5939498c0, 0x000002d593949978]
Event: 0.312 Thread 0x000002d5a1418000  329       3       java.nio.Buffer::position (52 bytes)
Event: 0.312 Thread 0x000002d5a1418000 nmethod 329 0x000002d58c45e190 code [0x000002d58c45e360, 0x000002d58c45e5c8]
Event: 0.312 Thread 0x000002d5a1418000  330       3       java.nio.ByteBuffer::arrayOffset (35 bytes)
Event: 0.312 Thread 0x000002d5a1418000 nmethod 330 0x000002d58c45e690 code [0x000002d58c45e860, 0x000002d58c45ead8]
Event: 0.312 Thread 0x000002d5a1418000  331       3       java.nio.CharBuffer::arrayOffset (35 bytes)
Event: 0.313 Thread 0x000002d5a1418000 nmethod 331 0x000002d58c45ec10 code [0x000002d58c45ede0, 0x000002d58c45f058]

GC Heap History (0 events):
No events

Deoptimization events (12 events):
Event: 0.181 Thread 0x000002d5836df000 Uncommon trap: trap_request=0xffffff4d fr.pc=0x000002d5939380a8 relative=0x0000000000000188
Event: 0.181 Thread 0x000002d5836df000 Uncommon trap: reason=unstable_if action=reinterpret pc=0x000002d5939380a8 method=java.lang.String.hashCode()I @ 22 c2
Event: 0.181 Thread 0x000002d5836df000 DEOPT PACKING pc=0x000002d5939380a8 sp=0x000000ee503fec50
Event: 0.181 Thread 0x000002d5836df000 DEOPT UNPACKING pc=0x000002d58beaa1af sp=0x000000ee503febd8 mode 2
Event: 0.183 Thread 0x000002d5836df000 Uncommon trap: trap_request=0xffffff4d fr.pc=0x000002d59393a428 relative=0x0000000000000188
Event: 0.183 Thread 0x000002d5836df000 Uncommon trap: reason=unstable_if action=reinterpret pc=0x000002d59393a428 method=java.lang.String.equals(Ljava/lang/Object;)Z @ 27 c2
Event: 0.183 Thread 0x000002d5836df000 DEOPT PACKING pc=0x000002d59393a428 sp=0x000000ee503fed00
Event: 0.183 Thread 0x000002d5836df000 DEOPT UNPACKING pc=0x000002d58beaa1af sp=0x000000ee503feca0 mode 2
Event: 0.241 Thread 0x000002d5836df000 DEOPT PACKING pc=0x000002d58c4386bb sp=0x000000ee503faf20
Event: 0.241 Thread 0x000002d5836df000 DEOPT UNPACKING pc=0x000002d58beaa95e sp=0x000000ee503fa3f0 mode 0
Event: 0.243 Thread 0x000002d5836df000 DEOPT PACKING pc=0x000002d58c4386bb sp=0x000000ee503faf20
Event: 0.243 Thread 0x000002d5836df000 DEOPT UNPACKING pc=0x000002d58beaa95e sp=0x000000ee503fa3f0 mode 0

Classes redefined (0 events):
No events

Internal exceptions (2 events):
Event: 0.309 Thread 0x000002d5836df000 Exception <a 'java/io/FileNotFoundException'{0x00000000a7bd4428}> (0x00000000a7bd4428) thrown at [s\src\hotspot\share\prims\jni.cpp, line 617]
Event: 0.311 Thread 0x000002d5836df000 Exception <a 'java/lang/reflect/InvocationTargetException'{0x00000000a7bda690}> (0x00000000a7bda690) thrown at [s\src\hotspot\share\runtime\reflection.cpp, line 1245]

Events (20 events):
Event: 0.303 loading class org/jacoco/agent/rt/internal_43f5073/core/runtime/AbstractRuntime
Event: 0.303 loading class org/jacoco/agent/rt/internal_43f5073/core/runtime/AbstractRuntime done
Event: 0.305 loading class org/jacoco/agent/rt/internal_43f5073/Agent$2
Event: 0.305 loading class org/jacoco/agent/rt/internal_43f5073/Agent$2 done
Event: 0.305 loading class java/lang/NoSuchFieldError
Event: 0.305 loading class java/lang/IncompatibleClassChangeError
Event: 0.305 loading class java/lang/IncompatibleClassChangeError done
Event: 0.305 loading class java/lang/NoSuchFieldError done
Event: 0.306 loading class org/jacoco/agent/rt/internal_43f5073/output/FileOutput
Event: 0.306 loading class org/jacoco/agent/rt/internal_43f5073/output/FileOutput done
Event: 0.309 loading class java/io/FileNotFoundException
Event: 0.309 loading class java/io/FileNotFoundException done
Event: 0.309 loading class java/lang/Throwable$WrappedPrintStream
Event: 0.309 loading class java/lang/Throwable$PrintStreamOrWriter
Event: 0.309 loading class java/lang/Throwable$PrintStreamOrWriter done
Event: 0.309 loading class java/lang/Throwable$WrappedPrintStream done
Event: 0.310 loading class java/lang/StackTraceElement$HashedModules
Event: 0.310 loading class java/lang/StackTraceElement$HashedModules done
Event: 0.311 loading class java/lang/reflect/InvocationTargetException
Event: 0.311 loading class java/lang/reflect/InvocationTargetException done


Dynamic libraries:
0x00007ff6a3430000 - 0x00007ff6a343d000 	C:\Users\ִלטענטי\.jdks\corretto-11.0.20.1\bin\java.exe
0x00007ffc4a530000 - 0x00007ffc4a728000 	C:\Windows\SYSTEM32\ntdll.dll
0x00007ffc31870000 - 0x00007ffc31889000 	C:\Program Files\Avast Software\Avast\aswhook.dll
0x00007ffc48590000 - 0x00007ffc4864f000 	C:\Windows\System32\KERNEL32.DLL
0x00007ffc47c40000 - 0x00007ffc47f36000 	C:\Windows\System32\KERNELBASE.dll
0x00007ffc482c0000 - 0x00007ffc483c0000 	C:\Windows\System32\ucrtbase.dll
0x00007ffc41080000 - 0x00007ffc41097000 	C:\Users\ִלטענטי\.jdks\corretto-11.0.20.1\bin\jli.dll
0x00007ffc3f1a0000 - 0x00007ffc3f1b9000 	C:\Users\ִלטענטי\.jdks\corretto-11.0.20.1\bin\VCRUNTIME140.dll
0x00007ffc49da0000 - 0x00007ffc49f3d000 	C:\Windows\System32\USER32.dll
0x00007ffc47c10000 - 0x00007ffc47c32000 	C:\Windows\System32\win32u.dll
0x00007ffc233d0000 - 0x00007ffc2366a000 	C:\Windows\WinSxS\amd64_microsoft.windows.common-controls_6595b64144ccf1df_6.0.19041.1110_none_60b5254171f9507e\COMCTL32.dll
0x00007ffc49160000 - 0x00007ffc4918c000 	C:\Windows\System32\GDI32.dll
0x00007ffc49d00000 - 0x00007ffc49d9e000 	C:\Windows\System32\msvcrt.dll
0x00007ffc48470000 - 0x00007ffc48585000 	C:\Windows\System32\gdi32full.dll
0x00007ffc47fd0000 - 0x00007ffc4806d000 	C:\Windows\System32\msvcp_win.dll
0x00007ffc49350000 - 0x00007ffc49380000 	C:\Windows\System32\IMM32.DLL
0x00007ffc225b0000 - 0x00007ffc2264b000 	C:\Users\ִלטענטי\.jdks\corretto-11.0.20.1\bin\msvcp140.dll
0x00007ffbfa1b0000 - 0x00007ffbfad3b000 	C:\Users\ִלטענטי\.jdks\corretto-11.0.20.1\bin\server\jvm.dll
0x00007ffc49b10000 - 0x00007ffc49bbf000 	C:\Windows\System32\ADVAPI32.dll
0x00007ffc49190000 - 0x00007ffc4922c000 	C:\Windows\System32\sechost.dll
0x00007ffc49030000 - 0x00007ffc49156000 	C:\Windows\System32\RPCRT4.dll
0x00007ffc486b0000 - 0x00007ffc486b8000 	C:\Windows\System32\PSAPI.DLL
0x00007ffc3c640000 - 0x00007ffc3c667000 	C:\Windows\SYSTEM32\WINMM.dll
0x00007ffc33220000 - 0x00007ffc33229000 	C:\Windows\SYSTEM32\WSOCK32.dll
0x00007ffc46980000 - 0x00007ffc4698a000 	C:\Windows\SYSTEM32\VERSION.dll
0x00007ffc487f0000 - 0x00007ffc4885b000 	C:\Windows\System32\WS2_32.dll
0x00007ffc46940000 - 0x00007ffc46952000 	C:\Windows\SYSTEM32\kernel.appcore.dll
0x00007ffc3f190000 - 0x00007ffc3f1a0000 	C:\Users\ִלטענטי\.jdks\corretto-11.0.20.1\bin\verify.dll
0x00007ffc456b0000 - 0x00007ffc45894000 	C:\Windows\SYSTEM32\DBGHELP.DLL
0x00007ffc3c600000 - 0x00007ffc3c634000 	C:\Windows\SYSTEM32\dbgcore.DLL
0x00007ffc47f40000 - 0x00007ffc47fc2000 	C:\Windows\System32\bcryptPrimitives.dll
0x00007ffc3f0d0000 - 0x00007ffc3f0f8000 	C:\Users\ִלטענטי\.jdks\corretto-11.0.20.1\bin\java.dll
0x00007ffc3f180000 - 0x00007ffc3f18a000 	C:\Users\ִלטענטי\.jdks\corretto-11.0.20.1\bin\jimage.dll
0x00007ffc41510000 - 0x00007ffc4151e000 	C:\Users\ִלטענטי\.jdks\corretto-11.0.20.1\bin\instrument.dll
0x00007ffc3ee90000 - 0x00007ffc3eea8000 	C:\Users\ִלטענטי\.jdks\corretto-11.0.20.1\bin\zip.dll
0x00007ffc48860000 - 0x00007ffc48fa4000 	C:\Windows\System32\SHELL32.dll
0x00007ffc458a0000 - 0x00007ffc46033000 	C:\Windows\SYSTEM32\windows.storage.dll
0x00007ffc49380000 - 0x00007ffc496d4000 	C:\Windows\System32\combase.dll
0x00007ffc47580000 - 0x00007ffc475ae000 	C:\Windows\SYSTEM32\Wldp.dll
0x00007ffc49290000 - 0x00007ffc4933d000 	C:\Windows\System32\SHCORE.dll
0x00007ffc4a490000 - 0x00007ffc4a4e5000 	C:\Windows\System32\shlwapi.dll
0x00007ffc47b40000 - 0x00007ffc47b65000 	C:\Windows\SYSTEM32\profapi.dll
0x00007ffc3ed90000 - 0x00007ffc3eda9000 	C:\Users\ִלטענטי\.jdks\corretto-11.0.20.1\bin\net.dll
0x00007ffc3d1a0000 - 0x00007ffc3d2aa000 	C:\Windows\SYSTEM32\WINHTTP.dll
0x00007ffc472e0000 - 0x00007ffc4734a000 	C:\Windows\system32\mswsock.dll
0x00007ffc39c20000 - 0x00007ffc39c33000 	C:\Users\ִלטענטי\.jdks\corretto-11.0.20.1\bin\nio.dll
0x00007ffc24b40000 - 0x00007ffc24b57000 	C:\Windows\system32\napinsp.dll
0x00007ffc24b20000 - 0x00007ffc24b3b000 	C:\Windows\system32\pnrpnsp.dll
0x00007ffc42690000 - 0x00007ffc426a5000 	C:\Windows\system32\wshbth.dll
0x00007ffc40500000 - 0x00007ffc4051d000 	C:\Windows\system32\NLAapi.dll
0x00007ffc46fd0000 - 0x00007ffc4700b000 	C:\Windows\SYSTEM32\IPHLPAPI.DLL
0x00007ffc47010000 - 0x00007ffc470da000 	C:\Windows\SYSTEM32\DNSAPI.dll
0x00007ffc49340000 - 0x00007ffc49348000 	C:\Windows\System32\NSI.dll
0x00007ffc243c0000 - 0x00007ffc243d2000 	C:\Windows\System32\winrnr.dll
0x00007ffc404e0000 - 0x00007ffc404ea000 	C:\Windows\System32\rasadhlp.dll
0x00007ffc38d90000 - 0x00007ffc38e12000 	C:\Windows\System32\fwpuclnt.dll
0x00007ffc48130000 - 0x00007ffc48157000 	C:\Windows\System32\bcrypt.dll

dbghelp: loaded successfully - version: 4.0.5 - missing functions: none
symbol engine: initialized successfully - sym options: 0x614 - pdb path: .;C:\Users\ִלטענטי\.jdks\corretto-11.0.20.1\bin;C:\Windows\SYSTEM32;C:\Program Files\Avast Software\Avast;C:\Windows\WinSxS\amd64_microsoft.windows.common-controls_6595b64144ccf1df_6.0.19041.1110_none_60b5254171f9507e;C:\Users\ִלטענטי\.jdks\corretto-11.0.20.1\bin\server

VM Arguments:
jvm_args: -javaagent:C:\\Users\\ִלטענטי\\.m2\\repository\\org\\jacoco\\org.jacoco.agent\\0.8.5\\org.jacoco.agent-0.8.5-runtime.jar=destfile=C:\\Users\\ִלטענטי\\IdeaProjects\\ZhukovDZ7\\target\\jacoco.exec 
java_command: C:\Users\AACE~1\AppData\Local\Temp\surefire12983695710637249473\surefirebooter1406959931045907147.jar C:\Users\ִלטענטי\AppData\Local\Temp\surefire12983695710637249473 2023-09-06T20-35-46_347-jvmRun1 surefire8405536804290503236tmp surefire_010333261053050474318tmp
java_class_path (initial): C:\Users\AACE~1\AppData\Local\Temp\surefire12983695710637249473\surefirebooter1406959931045907147.jar
Launcher Type: SUN_STANDARD

[Global flags]
     intx CICompilerCount                          = 4                                         {product} {ergonomic}
     uint ConcGCThreads                            = 2                                         {product} {ergonomic}
     uint G1ConcRefinementThreads                  = 8                                         {product} {ergonomic}
   size_t G1HeapRegionSize                         = 1048576                                   {product} {ergonomic}
    uintx GCDrainStackTargetSize                   = 64                                        {product} {ergonomic}
   size_t InitialHeapSize                          = 100663296                                 {product} {ergonomic}
   size_t MarkStackSize                            = 4194304                                   {product} {ergonomic}
   size_t MaxHeapSize                              = 1579155456                                {product} {ergonomic}
   size_t MaxNewSize                               = 946864128                                 {product} {ergonomic}
   size_t MinHeapDeltaBytes                        = 1048576                                   {product} {ergonomic}
    uintx NonNMethodCodeHeapSize                   = 5836300                                {pd product} {ergonomic}
    uintx NonProfiledCodeHeapSize                  = 122910970                              {pd product} {ergonomic}
    uintx ProfiledCodeHeapSize                     = 122910970                              {pd product} {ergonomic}
    uintx ReservedCodeCacheSize                    = 251658240                              {pd product} {ergonomic}
     bool SegmentedCodeCache                       = true                                      {product} {ergonomic}
     bool UseCompressedClassPointers               = true                                 {lp64_product} {ergonomic}
     bool UseCompressedOops                        = true                                 {lp64_product} {ergonomic}
     bool UseG1GC                                  = true                                      {product} {ergonomic}
     bool UseLargePagesIndividualAllocation        = false                                  {pd product} {ergonomic}

Logging:
Log output configuration:
 #0: stdout all=warning uptime,level,tags
 #1: stderr all=off uptime,level,tags

Environment Variables:
PATH=C:\Program Files\Eclipse Adoptium\jdk-11.0.19.7-hotspot\bin;C:\Windows\system32;C:\Windows;C:\Windows\System32\Wbem;C:\Windows\System32\WindowsPowerShell\v1.0\;C:\Windows\System32\OpenSSH\;C:\Program Files\dotnet\;C:\Program Files\Git\cmd;C:\Users\ִלטענטי\AppData\Local\Microsoft\WindowsApps;;C:\Users\ִלטענטי\AppData\Local\Programs\Microsoft VS Code\bin
USERNAME=ִלטענטי
OS=Windows_NT
PROCESSOR_IDENTIFIER=AMD64 Family 23 Model 24 Stepping 1, AuthenticAMD
TMP=C:\Users\AACE~1\AppData\Local\Temp
TEMP=C:\Users\AACE~1\AppData\Local\Temp



---------------  S Y S T E M  ---------------

OS: Windows 10 , 64 bit Build 19041 (10.0.19041.3155)
OS uptime: 13 days 0:19 hours

CPU:total 8 (initial active 8) (8 cores per cpu, 2 threads per core) family 23 model 24 stepping 1 microcode 0x0, cmov, cx8, fxsr, mmx, sse, sse2, sse3, ssse3, sse4.1, sse4.2, popcnt, avx, avx2, aes, clmul, mmxext, 3dnowpref, lzcnt, sse4a, ht, tsc, tscinvbit, tscinv, bmi1, bmi2, adx, sha, fma

Memory: 4k page, system-wide physical 6020M (427M free)
TotalPageFile size 17284M (AvailPageFile size 6709M)
current process WorkingSet (physical memory assigned to process): 38M, peak: 38M
current process commit charge ("private bytes"): 174M, peak: 174M

vm_info: OpenJDK 64-Bit Server VM (11.0.20.1+9-LTS) for windows-amd64 JRE (11.0.20.1+9-LTS), built on Aug 19 2023 03:46:24 by "Administrator" with MS VC++ 15.9 (VS2017)

END.
